This is XeTeX, Version 3.1415926-2.5-0.9999.0 (TeX Live 2013/dev) (format=xelatex 2014.8.26)  12 SEP 2014 10:58
entering extended mode
 restricted \write18 enabled.
 %&-line parsing enabled.
**two.tex
(./two.tex
LaTeX2e <2011/06/27>
Babel <v3.8m> and hyphenation patterns for english, dumylang, nohyphenation, po
lish, danish, german, ngerman, swissgerman, finnish, bokmal, nynorsk, dutch, sw
edish, italian, french, portuguese, basque, hungarian, spanish, ukenglish, usen
glishmax, russian, ukrainian, coptic, welsh, afrikaans, armenian, ibycus, latin
, friulan, indonesian, romansh, assamese, bengali, gujarati, hindi, kannada, ma
layalam, marathi, oriya, panjabi, tamil, telugu, irish, kurmanji, arabic, catal
an, sanskrit, icelandic, slovak, latvian, mongolian, mongolianlmc, esperanto, i
nterlingua, czech, farsi, croatian, turkmen, bulgarian, ethiopic, greek, german
-x-2012-05-30, ngerman-x-2012-05-30, turkish, galician, romanian, serbian, serb
ianc, lithuanian, piedmontese, uppersorbian, pinyin, estonian, slovenian, loade
d.
(/usr/share/texlive/texmf-dist/tex/latex/base/article.cls
Document Class: article 2007/10/19 v1.4h Standard LaTeX document class
(/usr/share/texlive/texmf-dist/tex/latex/base/size11.clo
File: size11.clo 2007/10/19 v1.4h Standard LaTeX file (size option)
)
\c@part=\count80
\c@section=\count81
\c@subsection=\count82
\c@subsubsection=\count83
\c@paragraph=\count84
\c@subparagraph=\count85
\c@figure=\count86
\c@table=\count87
\abovecaptionskip=\skip41
\belowcaptionskip=\skip42
\bibindent=\dimen102
)
(/usr/share/texlive/texmf-dist/tex/latex/fontspec/fontspec.sty
Package: fontspec 2013/03/16 v2.3a Font selection for XeLaTeX and LuaLaTeX

(/usr/share/texlive/texmf-dist/tex/latex/l3kernel/expl3.sty
(/usr/share/texlive/texmf-dist/tex/latex/l3kernel/l3names.sty
(/usr/share/texlive/texmf-dist/tex/latex/l3kernel/l3bootstrap.sty
Package: l3bootstrap 2013/01/08 v4420 L3 Experimental bootstrap code
)
Package: l3names 2012/12/07 v4346 L3 Namespace for primitives
)
(/usr/share/texlive/texmf-dist/tex/latex/etex-pkg/etex.sty
Package: etex 1998/03/26 v2.0 eTeX basic definition package (PEB)
\et@xins=\count88
)
Package: expl3 2013/03/14 v4469 L3 Experimental code bundle wrapper

(/usr/share/texlive/texmf-dist/tex/latex/l3kernel/l3basics.sty
Package: l3basics 2013/01/10 v4428 L3 Basic definitions
)
(/usr/share/texlive/texmf-dist/tex/latex/l3kernel/l3expan.sty
Package: l3expan 2013/02/03 v4458 L3 Argument expansion
)
(/usr/share/texlive/texmf-dist/tex/latex/l3kernel/l3tl.sty
Package: l3tl 2013/01/08 v4415 L3 Token lists
)
(/usr/share/texlive/texmf-dist/tex/latex/l3kernel/l3seq.sty
Package: l3seq 2013/01/12 v4434 L3 Sequences and stacks
)
(/usr/share/texlive/texmf-dist/tex/latex/l3kernel/l3int.sty
Package: l3int 2013/01/13 v4444 L3 Integers
\c_max_int=\count89
\l_tmpa_int=\count90
\l_tmpb_int=\count91
\g_tmpa_int=\count92
\g_tmpb_int=\count93
)
(/usr/share/texlive/texmf-dist/tex/latex/l3kernel/l3quark.sty
Package: l3quark 2012/11/04 v4268 L3 Quarks
)
(/usr/share/texlive/texmf-dist/tex/latex/l3kernel/l3prg.sty
Package: l3prg 2013/02/13 v4459 L3 Control structures
\g__prg_map_int=\count94
)
(/usr/share/texlive/texmf-dist/tex/latex/l3kernel/l3clist.sty
Package: l3clist 2013/01/08 v4414 L3 Comma separated lists
)
(/usr/share/texlive/texmf-dist/tex/latex/l3kernel/l3token.sty
Package: l3token 2013/01/10 v4428 L3 Experimental token manipulation
)
(/usr/share/texlive/texmf-dist/tex/latex/l3kernel/l3prop.sty
Package: l3prop 2013/01/09 v4423 L3 Property lists
)
(/usr/share/texlive/texmf-dist/tex/latex/l3kernel/l3msg.sty
Package: l3msg 2013/01/08 v4412 L3 Messages
)
(/usr/share/texlive/texmf-dist/tex/latex/l3kernel/l3file.sty
Package: l3file 2013/01/14 v4446 L3 File and I/O operations
\l_iow_line_count_int=\count95
\l__iow_target_count_int=\count96
\l__iow_current_line_int=\count97
\l__iow_current_word_int=\count98
\l__iow_current_indentation_int=\count99
)
(/usr/share/texlive/texmf-dist/tex/latex/l3kernel/l3skip.sty
Package: l3skip 2013/01/13 v4444 L3 Dimensions and skips
\c_zero_dim=\dimen103
\c_max_dim=\dimen104
\l_tmpa_dim=\dimen105
\l_tmpb_dim=\dimen106
\g_tmpa_dim=\dimen107
\g_tmpb_dim=\dimen108
\c_zero_skip=\skip43
\c_max_skip=\skip44
\l_tmpa_skip=\skip45
\l_tmpb_skip=\skip46
\g_tmpa_skip=\skip47
\g_tmpb_skip=\skip48
\c_zero_muskip=\muskip10
\c_max_muskip=\muskip11
\l_tmpa_muskip=\muskip12
\l_tmpb_muskip=\muskip13
\g_tmpa_muskip=\muskip14
\g_tmpb_muskip=\muskip15
)
(/usr/share/texlive/texmf-dist/tex/latex/l3kernel/l3keys.sty
Package: l3keys 2013/02/24 v4461 L3 Experimental key-value interfaces
\g__keyval_level_int=\count100
\l_keys_choice_int=\count101
)
(/usr/share/texlive/texmf-dist/tex/latex/l3kernel/l3fp.sty
Package: l3fp 2013/01/19 v4449 L3 Floating points
\c__fp_leading_shift_int=\count102
\c__fp_middle_shift_int=\count103
\c__fp_trailing_shift_int=\count104
\c__fp_big_leading_shift_int=\count105
\c__fp_big_middle_shift_int=\count106
\c__fp_big_trailing_shift_int=\count107
\c__fp_Bigg_leading_shift_int=\count108
\c__fp_Bigg_middle_shift_int=\count109
\c__fp_Bigg_trailing_shift_int=\count110
)
(/usr/share/texlive/texmf-dist/tex/latex/l3kernel/l3box.sty
Package: l3box 2013/01/08 v4411 L3 Experimental boxes
\c_empty_box=\box26
\l_tmpa_box=\box27
\l_tmpb_box=\box28
\g_tmpa_box=\box29
\g_tmpb_box=\box30
)
(/usr/share/texlive/texmf-dist/tex/latex/l3kernel/l3coffins.sty
Package: l3coffins 2012/09/09 v4212 L3 Coffin code layer
\l__coffin_internal_box=\box31
\l__coffin_internal_dim=\dimen109
\l__coffin_offset_x_dim=\dimen110
\l__coffin_offset_y_dim=\dimen111
\l__coffin_x_dim=\dimen112
\l__coffin_y_dim=\dimen113
\l__coffin_x_prime_dim=\dimen114
\l__coffin_y_prime_dim=\dimen115
\c_empty_coffin=\box32
\l__coffin_aligned_coffin=\box33
\l__coffin_aligned_internal_coffin=\box34
\l_tmpa_coffin=\box35
\l_tmpb_coffin=\box36
\l__coffin_display_coffin=\box37
\l__coffin_display_coord_coffin=\box38
\l__coffin_display_pole_coffin=\box39
\l__coffin_display_offset_dim=\dimen116
\l__coffin_display_x_dim=\dimen117
\l__coffin_display_y_dim=\dimen118
)
(/usr/share/texlive/texmf-dist/tex/latex/l3kernel/l3color.sty
Package: l3color 2012/08/29 v4156 L3 Experimental color support
)
(/usr/share/texlive/texmf-dist/tex/latex/l3kernel/l3luatex.sty
Package: l3luatex 2012/08/03 v4049 L3 Experimental LuaTeX-specific functions
\g__cctab_allocate_int=\count111
\g__cctab_stack_int=\count112
)
(/usr/share/texlive/texmf-dist/tex/latex/l3kernel/l3candidates.sty
Package: l3candidates 2013/03/14 v4468 L3 Experimental additions to l3kernel
\l__box_top_dim=\dimen119
\l__box_bottom_dim=\dimen120
\l__box_left_dim=\dimen121
\l__box_right_dim=\dimen122
\l__box_top_new_dim=\dimen123
\l__box_bottom_new_dim=\dimen124
\l__box_left_new_dim=\dimen125
\l__box_right_new_dim=\dimen126
\l__box_internal_box=\box40
\l__coffin_bounding_shift_dim=\dimen127
\l__coffin_left_corner_dim=\dimen128
\l__coffin_right_corner_dim=\dimen129
\l__coffin_bottom_corner_dim=\dimen130
\l__coffin_top_corner_dim=\dimen131
\l__coffin_scaled_total_height_dim=\dimen132
\l__coffin_scaled_width_dim=\dimen133
)
(/usr/share/texlive/texmf-dist/tex/generic/oberdiek/ifpdf.sty
Package: ifpdf 2011/01/30 v2.3 Provides the ifpdf switch (HO)
Package ifpdf Info: pdfTeX in PDF mode is not detected.
))
(/usr/share/texlive/texmf-dist/tex/latex/l3packages/xparse/xparse.sty
Package: xparse 2013/03/12 v4467 L3 Experimental document command parser
\l__xparse_current_arg_int=\count113
\l__xparse_m_args_int=\count114
\l__xparse_mandatory_args_int=\count115
\l__xparse_processor_int=\count116
\l__xparse_v_nesting_int=\count117
)
\l_fontspec_script_int=\count118
\l_fontspec_language_int=\count119
\l_fontspec_strnum_int=\count120
\l_fontspec_tmpa_dim=\dimen134
\l_fontspec_tmpb_dim=\dimen135
\l_fontspec_tmpc_dim=\dimen136
Variant \tl_gset:cV already defined; not changing it on line 69

(/usr/share/texlive/texmf-dist/tex/latex/fontspec/fontspec-patches.sty
Package: fontspec-patches 2013/03/16 v2.3a Font selection for XeLaTeX and LuaLa
TeX

(/usr/share/texlive/texmf-dist/tex/latex/base/fixltx2e.sty
Package: fixltx2e 2006/09/13 v1.1m fixes to LaTeX
LaTeX Info: Redefining \em on input line 420.
)
LaTeX Info: Redefining \em on input line 22.
LaTeX Info: Redefining \emph on input line 30.
LaTeX Info: Redefining \- on input line 33.

*************************************************
* LaTeX warning: "xparse/redefine-command"
* 
* Redefining document command \oldstylenums with arg. spec. 'm' on line 128.
*************************************************
.................................................
. LaTeX info: "xparse/define-command"
. 
. Defining document command \liningnums with arg. spec. 'm' on line 132.
.................................................
) (/usr/share/texlive/texmf-dist/tex/latex/fontspec/fontspec-xetex.sty
Package: fontspec-xetex 2013/03/16 v2.3a Font selection for XeLaTeX and LuaLaTe
X

(/usr/share/texlive/texmf-dist/tex/latex/base/fontenc.sty
Package: fontenc 2005/09/27 v1.99g Standard LaTeX package

(/usr/share/texlive/texmf-dist/tex/latex/euenc/eu1enc.def
File: eu1enc.def 2010/05/27 v0.1h Experimental Unicode font encodings
)
LaTeX Font Info:    Try loading font information for EU1+lmr on input line 100.


(/usr/share/texlive/texmf-dist/tex/latex/euenc/eu1lmr.fd
File: eu1lmr.fd 2009/10/30 v1.6 Font defs for Latin Modern
))
(/usr/share/texlive/texmf-dist/tex/xelatex/xunicode/xunicode.sty
File: xunicode.sty 2011/09/09 v0.981 provides access to latin accents and many 
other characters in Unicode lower plane

(/usr/share/texlive/texmf-dist/tex/latex/tipa/t3enc.def
File: t3enc.def 2001/12/31 T3 encoding
LaTeX Font Info:    Try loading font information for EU1+lmss on input line 357
.

(/usr/share/texlive/texmf-dist/tex/latex/euenc/eu1lmss.fd
File: eu1lmss.fd 2009/10/30 v1.6 Font defs for Latin Modern
))
\tipaTiiicode=\count121
\tipasavetokens=\toks14
\tipachecktokens=\toks15

(/usr/share/texlive/texmf-dist/tex/latex/graphics/graphicx.sty
Package: graphicx 1999/02/16 v1.0f Enhanced LaTeX Graphics (DPC,SPQR)

(/usr/share/texlive/texmf-dist/tex/latex/graphics/keyval.sty
Package: keyval 1999/03/16 v1.13 key=value parser (DPC)
\KV@toks@=\toks16
)
(/usr/share/texlive/texmf-dist/tex/latex/graphics/graphics.sty
Package: graphics 2009/02/05 v1.0o Standard LaTeX Graphics (DPC,SPQR)

(/usr/share/texlive/texmf-dist/tex/latex/graphics/trig.sty
Package: trig 1999/03/16 v1.09 sin cos tan (DPC)
)
(/usr/share/texlive/texmf-dist/tex/latex/latexconfig/graphics.cfg
File: graphics.cfg 2010/04/23 v1.9 graphics configuration of TeX Live
)
Package graphics Info: Driver file: xetex.def on input line 91.

(/usr/share/texlive/texmf-dist/tex/xelatex/xetex-def/xetex.def
File: xetex.def 2013/02/04 v0.95 LaTeX color/graphics driver for XeTeX (RRM/JK)

))
\Gin@req@height=\dimen137
\Gin@req@width=\dimen138
))
.................................................
. LaTeX info: "xparse/define-command"
. 
. Defining document command \fontspec with arg. spec. 'O{}m' on line 41.
.................................................
.................................................
. LaTeX info: "xparse/define-command"
. 
. Defining document command \setmainfont with arg. spec. 'O{}m' on line 46.
.................................................
.................................................
. LaTeX info: "xparse/define-command"
. 
. Defining document command \setsansfont with arg. spec. 'O{}m' on line 51.
.................................................
.................................................
. LaTeX info: "xparse/define-command"
. 
. Defining document command \setmonofont with arg. spec. 'O{}m' on line 56.
.................................................
.................................................
. LaTeX info: "xparse/define-command"
. 
. Defining document command \setmathrm with arg. spec. 'O{}m' on line 65.
.................................................
.................................................
. LaTeX info: "xparse/define-command"
. 
. Defining document command \setboldmathrm with arg. spec. 'O{}m' on line 69.
.................................................
.................................................
. LaTeX info: "xparse/define-command"
. 
. Defining document command \setmathsf with arg. spec. 'O{}m' on line 73.
.................................................
.................................................
. LaTeX info: "xparse/define-command"
. 
. Defining document command \setmathtt with arg. spec. 'O{}m' on line 77.
.................................................
.................................................
. LaTeX info: "xparse/define-command"
. 
. Defining document command \newfontfamily with arg. spec. 'mO{}m' on line 96.
.................................................
.................................................
. LaTeX info: "xparse/define-command"
. 
. Defining document command \newfontface with arg. spec. 'mO{}m' on line 100.
.................................................
.................................................
. LaTeX info: "xparse/define-command"
. 
. Defining document command \defaultfontfeatures with arg. spec. 'om' on line
. 108.
.................................................
.................................................
. LaTeX info: "xparse/define-command"
. 
. Defining document command \addfontfeatures with arg. spec. 'm' on line 144.
.................................................
.................................................
. LaTeX info: "xparse/define-command"
. 
. Defining document command \newfontfeature with arg. spec. 'mm' on line 156.
.................................................
.................................................
. LaTeX info: "xparse/define-command"
. 
. Defining document command \newAATfeature with arg. spec. 'mmmm' on line 164.
.................................................
.................................................
. LaTeX info: "xparse/define-command"
. 
. Defining document command \newICUfeature with arg. spec. 'mmm' on line 172.
.................................................
.................................................
. LaTeX info: "xparse/define-command"
. 
. Defining document command \aliasfontfeature with arg. spec. 'mm' on line
. 201.
.................................................
.................................................
. LaTeX info: "xparse/define-command"
. 
. Defining document command \aliasfontfeatureoption with arg. spec. 'mmm' on
. line 203.
.................................................
.................................................
. LaTeX info: "xparse/define-command"
. 
. Defining document command \newfontscript with arg. spec. 'mm' on line 208.
.................................................
.................................................
. LaTeX info: "xparse/define-command"
. 
. Defining document command \newfontlanguage with arg. spec. 'mm' on line 235.
.................................................
.................................................
. LaTeX info: "xparse/define-command"
. 
. Defining document command \DeclareFontsExtensions with arg. spec. 'm' on
. line 256.
.................................................
Variant \prop_gput:cnV already defined; not changing it on line 582
Variant \prop_gput:cnx already defined; not changing it on line 583
\l_fontspec_tmp_int=\count122
LaTeX Info: Redefining \itshape on input line 2091.
LaTeX Info: Redefining \slshape on input line 2096.
LaTeX Info: Redefining \scshape on input line 2101.
LaTeX Info: Redefining \upshape on input line 2106.

(/usr/share/texlive/texmf-dist/tex/latex/fontspec/fontspec.cfg)))
(/usr/share/texlive/texmf-dist/tex/latex/geometry/geometry.sty
Package: geometry 2010/09/12 v5.6 Page Geometry

(/usr/share/texlive/texmf-dist/tex/generic/oberdiek/ifvtex.sty
Package: ifvtex 2010/03/01 v1.5 Detect VTeX and its facilities (HO)
Package ifvtex Info: VTeX not detected.
)
(/usr/share/texlive/texmf-dist/tex/generic/ifxetex/ifxetex.sty
Package: ifxetex 2010/09/12 v0.6 Provides ifxetex conditional
)
\Gm@cnth=\count123
\Gm@cntv=\count124
\c@Gm@tempcnt=\count125
\Gm@bindingoffset=\dimen139
\Gm@wd@mp=\dimen140
\Gm@odd@mp=\dimen141
\Gm@even@mp=\dimen142
\Gm@layoutwidth=\dimen143
\Gm@layoutheight=\dimen144
\Gm@layouthoffset=\dimen145
\Gm@layoutvoffset=\dimen146
\Gm@dimlist=\toks17
)
\g__file_internal_ior=\read1
.................................................
. fontspec info: "no-scripts"
. 
. Font WenQuanYi Zen Hei Mono does not contain any OpenType `Script'
. information.
.................................................
\g_fontspec_family_WenQuanYi Zen Hei Mono_int=\count126
.................................................
. fontspec info: "no-font-shape"
. 
. Could not resolve font WenQuanYi Zen Hei Mono/B (it probably doesn't exist).
.................................................
.................................................
. fontspec info: "no-font-shape"
. 
. Could not resolve font WenQuanYi Zen Hei Mono/I (it probably doesn't exist).
.................................................
.................................................
. fontspec info: "no-font-shape"
. 
. Could not resolve font WenQuanYi Zen Hei Mono/BI (it probably doesn't
. exist).
.................................................
.................................................
. fontspec info: "defining-font"
. 
. Font family 'WenQuanYiZenHeiMono(0)' created for font 'WenQuanYi Zen Hei
. Mono' with options [].
. 
. This font family consists of the following shapes:
. 
. * 'normal' with NFSS spec.:
. <->"WenQuanYi Zen Hei Mono/ICU:"
.................................................
 (./two.aux)
\openout1 = `two.aux'.

LaTeX Font Info:    Checking defaults for OML/cmm/m/it on input line 5.
LaTeX Font Info:    ... okay on input line 5.
LaTeX Font Info:    Checking defaults for T1/cmr/m/n on input line 5.
LaTeX Font Info:    ... okay on input line 5.
LaTeX Font Info:    Checking defaults for OT1/cmr/m/n on input line 5.
LaTeX Font Info:    ... okay on input line 5.
LaTeX Font Info:    Checking defaults for OMS/cmsy/m/n on input line 5.
LaTeX Font Info:    ... okay on input line 5.
LaTeX Font Info:    Checking defaults for OMX/cmex/m/n on input line 5.
LaTeX Font Info:    ... okay on input line 5.
LaTeX Font Info:    Checking defaults for U/cmr/m/n on input line 5.
LaTeX Font Info:    ... okay on input line 5.
LaTeX Font Info:    Checking defaults for EU1/lmr/m/n on input line 5.
LaTeX Font Info:    ... okay on input line 5.
LaTeX Font Info:    Checking defaults for T3/cmr/m/n on input line 5.
LaTeX Font Info:    Try loading font information for T3+cmr on input line 5.

(/usr/share/texlive/texmf-dist/tex/latex/tipa/t3cmr.fd
File: t3cmr.fd 2001/12/31 TIPA font definitions
)
LaTeX Font Info:    ... okay on input line 5.
.................................................
. fontspec info: "setup-math"
. 
. Adjusting the maths setup (use [no-math] to avoid this).
.................................................
\symlegacymaths=\mathgroup4
LaTeX Font Info:    Overwriting symbol font `legacymaths' in version `bold'
(Font)                  OT1/cmr/m/n --> OT1/cmr/bx/n on input line 5.
LaTeX Font Info:    Redeclaring math accent \acute on input line 5.
LaTeX Font Info:    Redeclaring math accent \grave on input line 5.
LaTeX Font Info:    Redeclaring math accent \ddot on input line 5.
LaTeX Font Info:    Redeclaring math accent \tilde on input line 5.
LaTeX Font Info:    Redeclaring math accent \bar on input line 5.
LaTeX Font Info:    Redeclaring math accent \breve on input line 5.
LaTeX Font Info:    Redeclaring math accent \check on input line 5.
LaTeX Font Info:    Redeclaring math accent \hat on input line 5.
LaTeX Font Info:    Redeclaring math accent \dot on input line 5.
LaTeX Font Info:    Redeclaring math accent \mathring on input line 5.
LaTeX Font Info:    Redeclaring math symbol \colon on input line 5.
LaTeX Font Info:    Redeclaring math symbol \Gamma on input line 5.
LaTeX Font Info:    Redeclaring math symbol \Delta on input line 5.
LaTeX Font Info:    Redeclaring math symbol \Theta on input line 5.
LaTeX Font Info:    Redeclaring math symbol \Lambda on input line 5.
LaTeX Font Info:    Redeclaring math symbol \Xi on input line 5.
LaTeX Font Info:    Redeclaring math symbol \Pi on input line 5.
LaTeX Font Info:    Redeclaring math symbol \Sigma on input line 5.
LaTeX Font Info:    Redeclaring math symbol \Upsilon on input line 5.
LaTeX Font Info:    Redeclaring math symbol \Phi on input line 5.
LaTeX Font Info:    Redeclaring math symbol \Psi on input line 5.
LaTeX Font Info:    Redeclaring math symbol \Omega on input line 5.
LaTeX Font Info:    Redeclaring math symbol \mathdollar on input line 5.
LaTeX Font Info:    Redeclaring symbol font `operators' on input line 5.
LaTeX Font Info:    Encoding `OT1' has changed to `EU1' for symbol font
(Font)              `operators' in the math version `normal' on input line 5.
LaTeX Font Info:    Overwriting symbol font `operators' in version `normal'
(Font)                  OT1/cmr/m/n --> EU1/WenQuanYiZenHeiMono(0)/m/n on input
 line 5.
LaTeX Font Info:    Encoding `OT1' has changed to `EU1' for symbol font
(Font)              `operators' in the math version `bold' on input line 5.
LaTeX Font Info:    Overwriting symbol font `operators' in version `bold'
(Font)                  OT1/cmr/bx/n --> EU1/WenQuanYiZenHeiMono(0)/m/n on inpu
t line 5.
LaTeX Font Info:    Overwriting symbol font `operators' in version `normal'
(Font)                  EU1/WenQuanYiZenHeiMono(0)/m/n --> EU1/WenQuanYiZenHeiM
ono(0)/m/n on input line 5.
LaTeX Font Info:    Overwriting math alphabet `\mathrm' in version `normal'
(Font)                  EU1/WenQuanYiZenHeiMono(0)/m/n --> EU1/WenQuanYiZenHeiM
ono(0)/m/n on input line 5.
LaTeX Font Info:    Overwriting math alphabet `\mathit' in version `normal'
(Font)                  OT1/cmr/m/it --> EU1/WenQuanYiZenHeiMono(0)/m/it on inp
ut line 5.
LaTeX Font Info:    Overwriting math alphabet `\mathbf' in version `normal'
(Font)                  OT1/cmr/bx/n --> EU1/WenQuanYiZenHeiMono(0)/bx/n on inp
ut line 5.
LaTeX Font Info:    Overwriting math alphabet `\mathsf' in version `normal'
(Font)                  OT1/cmss/m/n --> EU1/lmss/m/n on input line 5.
LaTeX Font Info:    Overwriting math alphabet `\mathtt' in version `normal'
(Font)                  OT1/cmtt/m/n --> EU1/lmtt/m/n on input line 5.
LaTeX Font Info:    Overwriting symbol font `operators' in version `bold'
(Font)                  EU1/WenQuanYiZenHeiMono(0)/m/n --> EU1/WenQuanYiZenHeiM
ono(0)/bx/n on input line 5.
LaTeX Font Info:    Overwriting math alphabet `\mathrm' in version `bold'
(Font)                  EU1/WenQuanYiZenHeiMono(0)/m/n --> EU1/WenQuanYiZenHeiM
ono(0)/bx/n on input line 5.
LaTeX Font Info:    Overwriting math alphabet `\mathit' in version `bold'
(Font)                  OT1/cmr/bx/it --> EU1/WenQuanYiZenHeiMono(0)/bx/it on i
nput line 5.
LaTeX Font Info:    Overwriting math alphabet `\mathsf' in version `bold'
(Font)                  OT1/cmss/bx/n --> EU1/lmss/bx/n on input line 5.
LaTeX Font Info:    Overwriting math alphabet `\mathtt' in version `bold'
(Font)                  OT1/cmtt/m/n --> EU1/lmtt/bx/n on input line 5.

*geometry* driver: auto-detecting
*geometry* detected driver: xetex
*geometry* verbose mode - [ preamble ] result:
* driver: xetex
* paper: a4paper
* layout: <same size as paper>
* layoutoffset:(h,v)=(0.0pt,0.0pt)
* modes: 
* h-part:(L,W,R)=(72.26999pt, 507.1704pt, 18.06749pt)
* v-part:(T,H,B)=(57.81621pt, 714.96065pt, 72.26999pt)
* \paperwidth=597.50787pt
* \paperheight=845.04684pt
* \textwidth=507.1704pt
* \textheight=714.96065pt
* \oddsidemargin=0.0pt
* \evensidemargin=0.0pt
* \topmargin=-51.45378pt
* \headheight=12.0pt
* \headsep=25.0pt
* \topskip=11.0pt
* \footskip=30.0pt
* \marginparwidth=50.0pt
* \marginparsep=10.0pt
* \columnsep=10.0pt
* \skip\footins=10.0pt plus 4.0pt minus 2.0pt
* \hoffset=0.0pt
* \voffset=0.0pt
* \mag=1000
* \@twocolumnfalse
* \@twosidefalse
* \@mparswitchfalse
* \@reversemarginfalse
* (1in=72.27pt=25.4mm, 1cm=28.453pt)


Overfull \hbox (87.3296pt too wide) in paragraph at lines 7--9
[]\EU1/WenQuanYiZenHeiMono(0)/m/n/10.95 åŠ¨æ€å­˜å‚¨åˆ†é…å™¨ï¼šåŠ¨æ€å­˜å‚¨åˆ†
é…å™¨ç»´æŠ¤ä¸€ä¸ªè¿›ç¨‹çš„è™šæ‹Ÿå­˜å‚¨åŒºåŸŸï¼Œç§°ä¸ºheapå †ï¼Œå¯¹äºæ¯ä¸ªè¿›
ç¨‹ï¼Œå†…æ ¸ç»´æŠ¤ç€ä¸€ä¸ªå˜é‡brk
 []


Overfull \hbox (114.8296pt too wide) in paragraph at lines 10--11
[]\EU1/WenQuanYiZenHeiMono(0)/m/n/10.95 åˆ†é…å™¨å°†å †è§†ä¸ºä¸€ç»„ä¸åŒçš„å¤§
å°çš„å—çš„é›†åˆæ¥ç»´æŠ¤ï¼Œæ¯ä¸ªå—å°±æ˜¯ä¸€ä¸ªè¿ç»­çš„è™šæ‹Ÿå­˜å‚¨å™¨ç‰‡ï
¼Œè¦ä¹ˆæ˜¯å·²åˆ†é…çš„ï¼Œè¦ä¹ˆæ˜¯ç©ºé—²çš„ã€‚ 
 []


Overfull \hbox (98.3296pt too wide) in paragraph at lines 12--13
[]\EU1/WenQuanYiZenHeiMono(0)/m/n/10.95 åˆ†é…å™¨æœ‰ä¸¤ç§åŸºæœ¬é£æ ¼ï¼šæ˜¾å¼
åˆ†é…å™¨ï¼šè¦æ±‚åº”ç”¨æ˜¾å¼åœ°é‡Šæ”¾ä»»ä½•å·²åˆ†é…çš„å—;éšå¼åˆ†é…å™¨ï¼š
é™¤äº†åŒ…å«æ˜¾å¼åˆ†é…å™¨ä¸­çš„åŠŸèƒ½ï¼Œ 
 []


Overfull \hbox (279.8296pt too wide) in paragraph at lines 14--15
[]\EU1/WenQuanYiZenHeiMono(0)/m/n/10.95 å¦ä¸€æ–¹é¢è¦æ±‚æ£€æµ‹ä¸€ä¸ªå·²åˆ†é…
å—ä½•æ—¶ä¸å†è¢«ç¨‹åºæ‰€ä½¿ç”¨ï¼Œé‚£ä¹ˆé‡Šæ”¾è¿™ä¸ªå—ï¼Œéšå¼åˆ†é…å™¨ä¹Ÿå
«åšåƒåœ¾æ”¶é›†å™¨ï¼Œè€Œè‡ªåŠ¨é‡Šæ”¾æœªä½¿ç”¨çš„å·²åˆ†é…çš„å—çš„è¿‡ç¨‹å«å
šåƒåœ¾æ”¶é›† 
 []


Overfull \hbox (67.16295pt too wide) in paragraph at lines 19--20
[]\EU1/WenQuanYiZenHeiMono(0)/m/n/10.95 åŠ¨æ€å­˜å‚¨å™¨åˆ†é…å™¨ ä¾‹å¦‚malloc å
¯ä»¥é€šè¿‡mmapå’Œmunmapå‡½æ•°ï¼Œæ˜¾å¼åœ°åˆ†é…å’Œé‡Šæ”¾å †å­˜å‚¨å™¨ï¼Œæˆ–è€…è
¿˜å¯ä»¥ä½¿ç”¨sbrkå‡½æ•° 
 []


Overfull \hbox (37.8296pt too wide) in paragraph at lines 21--22
[]\EU1/WenQuanYiZenHeiMono(0)/m/n/10.95 sbrkå‡½æ•°é€šè¿‡å°†å†…æ ¸brkæŒ‡é’ˆå¢åŠ
 incræ¥æ‰©å±•å’Œæ”¶ç¼©å †ï¼Œå¦‚æœæˆåŠŸï¼Œä»–å°±è¿”å›brkçš„æ—§å€¼ï¼Œä½¿ç”¨è´
Ÿå€¼æˆ–è€…é›¶éƒ½è¡Œ 
 []


Overfull \hbox (180.8296pt too wide) in paragraph at lines 40--44
[]\EU1/WenQuanYiZenHeiMono(0)/m/n/10.95 å†…éƒ¨ç¢ç‰‡ï¼šæ˜¯åœ¨ä¸€ä¸ªå·²åˆ†é…å—
æ¯”æœ‰æ•ˆè½½è·å¤§æ—¶å‘ç”Ÿçš„ï¼Œä¸€ä¸ªåˆ†é…å™¨çš„å®ç°å¯èƒ½å¯¹å·²åˆ†é…å—å
¼ºåŠ ä¸€ä¸ªæœ€å°çš„å¤§å°å€¼ï¼Œåˆ†é…å™¨å¯èƒ½å¢åŠ å—çš„å¤§å°
 []


Overfull \hbox (255.49628pt too wide) in paragraph at lines 40--44
\EU1/WenQuanYiZenHeiMono(0)/m/n/10.95 ä»¥æ»¡è¶³å¯¹é½çº¦æŸæ¡ä»¶ å†…éƒ¨ç¢ç‰‡ç
š„é‡åŒ–å°±æ˜¯å·²åˆ†é…å—çš„å¤§å°å’Œå®ƒä»¬çš„æœ‰æ•ˆè½½è·å¤§å°åªå·®çš„å’Œï¼
Œåœ¨ä»»æ„æ—¶åˆ»ï¼Œå†…éƒ¨ç¢ç‰‡çš„æ•°é‡åªå–å†³äºä»¥å‰è¯·æ±‚çš„æ¨¡å¼å’Œåˆ†
é…å™¨çš„
 []


Overfull \hbox (92.8296pt too wide) in paragraph at lines 45--48
[]\EU1/WenQuanYiZenHeiMono(0)/m/n/10.95 å¤–éƒ¨ç¢ç‰‡ï¼šå°±æ˜¯ç©ºé—²å­˜å‚¨å™¨åˆ
è®¡èµ·æ¥è¶³å¤Ÿæ»¡è¶³ä¸€ä¸ªåˆ†é…è¯·æ±‚ï¼Œä½†æ˜¯æ²¡æœ‰ä¸€ä¸ªå•ç‹¬çš„ç©ºé—²å—è
¶³å¤Ÿå¤§å¯ä»¥å¤„ç†è¿™ä¸ªè¯·æ±‚å‘ç”Ÿçš„
 []


Overfull \hbox (196.8296pt too wide) in paragraph at lines 45--48
\EU1/WenQuanYiZenHeiMono(0)/m/n/10.95 å¤–éƒ¨ç¢ç‰‡çš„é‡åŒ–ï¼Œå–å†³äºä»¥å‰çš
„è¯·æ±‚çš„æ¨¡å¼å’Œåˆ†é…å™¨çš„å®ç°æ–¹å¼ï¼Œè¿˜å–å†³äºå°†æ¥çš„è¯·æ±‚çš„æ¨¡
å¼ï¼Œå¤–éƒ¨ç¢ç‰‡éš¾ä»¥é‡åŒ–ä¸”ä¸å¯èƒ½é¢„æµ‹ï¼Œåˆ†é…å™¨é€šå¸¸é‡‡ç”¨
 []


Overfull \hbox (142.3296pt too wide) in paragraph at lines 66--67
[]\EU1/WenQuanYiZenHeiMono(0)/m/n/10.95 å½“ä¸€ä¸ªç¨‹åºè¯·æ±‚ä¸€ä¸ªKå­—èŠ‚çš„å
—ï¼Œåˆ†é…å™¨æœç´¢ç©ºé—²é“¾è¡¨ï¼ŒæŸ¥æ‰¾ä¸€ä¸ªè¶³å¤Ÿå¤§çš„å¯ä»¥æ”¾ç½®æ‰€è¯·æ±‚
å—çš„ç©ºé—²åŒºï¼Œä¸€äº›å¸¸è§çš„ç­–ç•¥æ˜¯é¦–æ¬¡é€‚é… 
 []


Overfull \hbox (136.8296pt too wide) in paragraph at lines 72--73
[]\EU1/WenQuanYiZenHeiMono(0)/m/n/10.95 ä¸€æ—¦åˆ†é…å™¨æ‰¾åˆ°ä¸€ä¸ªåŒ¹é…çš„ç©º
é—²å—ï¼Œé€šå¸¸ä¼šé€‰æ‹©å°†è¿™ä¸ªç©ºé—²å—åˆ†å‰²ä¸ºä¸¤éƒ¨åˆ†ï¼Œç¬¬ä¸€éƒ¨åˆ†å˜æ
ˆåˆ†é…å—ï¼Œè€Œå‰©ä¸‹çš„å˜æˆä¸€ä¸ªæ–°çš„ç©ºé—²å— 
 []


Overfull \hbox (158.8296pt too wide) in paragraph at lines 76--78
[]\EU1/WenQuanYiZenHeiMono(0)/m/n/10.95 å½“åˆ†é…å™¨åœ¨ç©ºé—²å—ä¸­æ‰¾ä¸åˆ°åˆ
é€‚çš„å—æ—¶ï¼Œåˆ™åˆ†é…å™¨å°±ä¼šé€šè¿‡è°ƒç”¨sbrkå‡½æ•°ï¼Œå‘å†…æ ¸è¯·æ±‚é¢å¤–
çš„å †å­˜å‚¨å™¨ï¼Œå¹¶å°†è¿™ä¸ªå¿«æ’å…¥åˆ°ç©ºé—²é“¾è¡¨ä¸­
 []


Overfull \hbox (158.8296pt too wide) in paragraph at lines 81--82
[]\EU1/WenQuanYiZenHeiMono(0)/m/n/10.95 å½“åˆ†é…å™¨é‡Šæ”¾ä¸€ä¸ªå·²åˆ†é…å—æ—¶
ï¼Œå¯èƒ½æœ‰å…¶ä»–çš„ç©ºé—²å—åœ¨ä¸è¿™ä¸ªæ–°é‡Šæ”¾çš„ç©ºé—²å—ç›¸é‚»ï¼Œè¿™äº›ä
¸´ç•Œçš„ç©ºé—²å—å¯èƒ½å¼•èµ·ä¸€ä¸­ç°è±¡ï¼Œå«åšå‡ç¢ç‰‡ 
 []


Overfull \hbox (1427.49628pt too wide) in paragraph at lines 83--84
[]\EU1/WenQuanYiZenHeiMono(0)/m/n/10.95 ä¸ºäº†è§£å†³å‡ç¢ç‰‡çš„é—®é¢˜ï¼Œä»»ä½•
å®é™…çš„åˆ†é…å™¨éƒ½å¿…é¡»åˆå¹¶ç›¸é‚»çš„ç©ºé—²å—ï¼Œè¿™ä¸ªè¿‡ç¨‹ç§°ä¸ºåˆå¹¶ï
¼Œ ä½†æ˜¯ä¸€ä¸ªå¾ˆé‡è¦çš„é—®é¢˜å°±æ˜¯ä½•æ—¶åˆå¹¶ï¼Œåˆ†é…å™¨å¯ä»¥é€‰æ‹©ç«‹å
³åˆå¹¶ï¼Œä½†æ˜¯ä¼šäº§ç”Ÿä¸€ä¸­å½¢å¼çš„æŠ–åŠ¨ï¼Œå—ä¼šåå¤åœ°åˆå¹¶ï¼Œç„¶å
é©¬ä¸Šåˆ†å‰²ï¼Œä¼šäº§ç”Ÿä¸å¿…è¦çš„åˆ†å‰²å’Œåˆå¹¶ï¼Œå¦ä¸€ä¸­å½¢å¼å°±æ˜¯æ¨
è¿Ÿåˆå¹¶å°±æ˜¯ç­‰åˆ°æŸä¸ªç¨æ™šçš„æ—¶å€™åœ¨åˆå¹¶ç©ºé—²å—ï¼Œä¾‹å¦‚ï¼Œåˆ†é…å
™¨å¯ä»¥åœ¨æŸä¸ªåˆ†é…è¯·æ±‚å¤±è´¥åï¼Œç„¶åæ‰«ææ•´ä¸ªå †ï¼Œåˆå¹¶æ‰€æœ‰çš
„ç©ºé—²å— 
 []


Overfull \hbox (103.8296pt too wide) in paragraph at lines 87--94
[]\EU1/WenQuanYiZenHeiMono(0)/m/n/10.95 å¯¹äºéšå¼ç©ºé—²é“¾è¡¨æ¥è¯´ï¼Œå—çš„
åˆ†é…ä¸å †çš„æ€»æ•°å‘ˆçº¿çš„å…³ç³»ï¼Œéšå¼ç©ºé—²é“¾è¡¨æ˜¯ä¸åˆé€‚çš„ã€‚ä¸€ç
§æ›´å¥½çš„æ–¹å¼å°±æ˜¯å°†ç©ºé—²å—ç»„ç»‡ä¸º
 []


Overfull \hbox (75.8296pt too wide) in paragraph at lines 87--94
\EU1/WenQuanYiZenHeiMono(0)/m/n/10.95 æŸç§å½¢å¼çš„æ˜¾ç¤ºæ•°æ®ç»“æ„ï¼Œå †å
¯ä»¥ç»„ç»‡ä¸ºä¸€ä¸ªåŒå‘ç©ºé—²é“¾è¡¨ï¼Œæ¯ä¸ªç©ºé—²å—ä¸­éƒ½åŒ…å«ä¸€ä¸ªå‰é©±
å’Œä¸€ä¸ªåç»§æŒ‡é’ˆï¼Œè¿™æ ·ä½¿é¦–æ¬¡
 []


Overfull \hbox (75.8296pt too wide) in paragraph at lines 87--94
\EU1/WenQuanYiZenHeiMono(0)/m/n/10.95 é€‚é…çš„åˆ†é…æ—¶é—´ä»å—çš„æ€»æ•°çš„çº
¿æ€§æ—¶é—´å‡å°‘åˆ°äº†ç©ºé—²å—çš„æ•°é‡çš„çº¿æ€§æ—¶é—´ï¼Œä¸è¿‡é‡Šæ”¾ä¸€ä¸ªå—
çš„æ—¶é—´å¯ä»¥æ˜¯çº¿æ€§çš„ï¼Œå¯èƒ½æ˜¯
 []


Overfull \hbox (299.49628pt too wide) in paragraph at lines 87--94
\EU1/WenQuanYiZenHeiMono(0)/m/n/10.95 å¸¸æ•°ï¼Œå–å†³äºæˆ‘ä»¬æ‰€é€‰æ‹©çš„ç©ºé—
²é“¾è¡¨å—çš„æ’åºç­–ç•¥ ä¸€ç§æ–¹æ³•å°±æ˜¯åè¿›å…ˆå‡ºé¡ºåºæ¥ç»´æŠ¤é“¾è¡¨ï¼
Œå°†é‡Šæ”¾çš„å—æ”¾ç½®åœ¨é“¾è¡¨çš„å¼€å§‹å¤„ï¼Œä½¿ç”¨LIFOçš„é¡ºåºå’Œé¦–æ¬¡é€‚é…
çš„æ”¾ç½®ç­–ç•¥ï¼Œ
 []


Overfull \hbox (86.8296pt too wide) in paragraph at lines 87--94
\EU1/WenQuanYiZenHeiMono(0)/m/n/10.95 å¦ä¸€ç§å°±æ˜¯åœ°å€é¡ºåºæ¥ç»´æŠ¤é“¾è¡
¨ï¼Œå…¶ä¸­é“¾è¡¨ä¸­æ¯ä¸ªå—çš„åœ°å€éƒ½å°äºå®ƒçš„åç»§åœ°å€ï¼Œåœ¨è¿™ç§æƒ…
å†µä¸‹ï¼Œé‡Šæ”¾ä¸€ä¸ªå—éœ€è¦çº¿æ€§æ—¶é—´
 []


Overfull \hbox (75.8296pt too wide) in paragraph at lines 87--94
\EU1/WenQuanYiZenHeiMono(0)/m/n/10.95 çš„æœç´¢æ¥å®šä½åˆé€‚çš„å‰é©±ï¼ŒæŒ‰ç…
§åœ°å€æ’åºé¦–æ¬¡é€‚é…æ¯”LIFOæ’åºçš„é¦–æ¬¡é€‚é…ç”±æ›´é«˜çš„å­˜å‚¨å™¨åˆ©ç”
¨ç‡ï¼Œæ¥è¿‘æœ€ä½³é€‚é…çš„åˆ©ç”¨ç‡ 
 []

[1

] (./two.aux) ) 
Here is how much of TeX's memory you used:
 14191 strings out of 493999
 312496 string characters out of 3152890
 307422 words of memory out of 3000000
 17377 multiletter control sequences out of 15000+200000
 4004 words of font info for 23 fonts, out of 3000000 for 9000
 1144 hyphenation exceptions out of 8191
 46i,4n,33p,620b,123s stack positions out of 5000i,500n,10000p,200000b,50000s

Output written on two.pdf (1 page).
